[ifunc] unknown insn 0xa9bf7bfd at pc=0x410248, using resolver addr
[ifunc] unknown insn 0xa9bf7bfd at pc=0x410158, using resolver addr
[ifunc] unknown insn 0xa9bf7bfd at pc=0x4314e8, using resolver addr
[ifunc] unknown insn 0xa9bf7bfd at pc=0x410338, using resolver addr
[ifunc] unknown insn 0xa9bf7bfd at pc=0x410498, using resolver addr
2K performance run parameters for coremark.
CoreMark Size    : 666
Total ticks      : 14251
Total time (secs): 14.251000
Iterations/Sec   : 1403.410287
Iterations       : 20000
Compiler version : GCC13.3.0
Compiler flags   : -O2 -DPERFORMANCE_RUN=1  -lrt -static
Memory location  : Please put data memory location here
			(e.g. code in flash, data on heap etc)
seedcrc          : 0xe9f5
[0]crclist       : 0xe714
[0]crcmatrix     : 0x1fd7
[0]crcstate      : 0x8e3a
[0]crcfinal      : 0x382f
Correct operation validated. See README.md for run and reporting rules.
CoreMark 1.0 : 1403.410287 / GCC13.3.0 -O2 -DPERFORMANCE_RUN=1  -lrt -static / Heap
