runspec v6152 - Copyright 1999-2008 Standard Performance Evaluation Corporation
Using 'linux-suse101-AMD64' tools
Reading MANIFEST... 17642 files
Loading runspec modules................
Locating benchmarks...found 31 benchmarks and 2 src.alts in 6 benchsets.
Reading config file '/data/Sync/all/projects/2026-02-11-cc-work/2026-03-tcg-rs/spec-logs/aarch64.Ofast.tcgrs.20260320165734.jit.cfg'
Benchmarks selected: 445.gobmk
Compiling Binaries
  Building 445.gobmk base aarch64.Ofast.tcgrs.20260320165734.jit default: (build_base_aarch64.Ofast.tcgrs.20260320165734.jit.0000)
specmake -j16 clean 2> make.clean.err | tee make.clean.out
rm -rf gobmk
rm -rf gobmk.exe
rm -rf *.o  arb.out arend.out arion.out atari_atari.out blunder.out buzco.out nicklas2.out nicklas4.out
find . \( -name \*.o -o -name '*.fppized.f*' \) -print | xargs rm -rf
rm -rf core
rm -rf 
specmake -j16 build 2> make.err | tee make.out
aarch64-none-linux-gnu-gcc -c -o sgf/sgf_utils.o -DSPEC_CPU -DNDEBUG -DHAVE_CONFIG_H -I. -I.. -I../include -I./include   -Ofast -static -fsigned-char       -DSPEC_CPU_LP64         sgf/sgf_utils.c
aarch64-none-linux-gnu-gcc -c -o sgf/sgftree.o -DSPEC_CPU -DNDEBUG -DHAVE_CONFIG_H -I. -I.. -I../include -I./include   -Ofast -static -fsigned-char       -DSPEC_CPU_LP64         sgf/sgftree.c
aarch64-none-linux-gnu-gcc -c -o sgf/sgfnode.o -DSPEC_CPU -DNDEBUG -DHAVE_CONFIG_H -I. -I.. -I../include -I./include   -Ofast -static -fsigned-char       -DSPEC_CPU_LP64         sgf/sgfnode.c
aarch64-none-linux-gnu-gcc -c -o engine/aftermath.o -DSPEC_CPU -DNDEBUG -DHAVE_CONFIG_H -I. -I.. -I../include -I./include   -Ofast -static -fsigned-char       -DSPEC_CPU_LP64         engine/aftermath.c
aarch64-none-linux-gnu-gcc -c -o engine/board.o -DSPEC_CPU -DNDEBUG -DHAVE_CONFIG_H -I. -I.. -I../include -I./include   -Ofast -static -fsigned-char       -DSPEC_CPU_LP64         engine/board.c
aarch64-none-linux-gnu-gcc -c -o engine/cache.o -DSPEC_CPU -DNDEBUG -DHAVE_CONFIG_H -I. -I.. -I../include -I./include   -Ofast -static -fsigned-char       -DSPEC_CPU_LP64         engine/cache.c
aarch64-none-linux-gnu-gcc -c -o engine/combination.o -DSPEC_CPU -DNDEBUG -DHAVE_CONFIG_H -I. -I.. -I../include -I./include   -Ofast -static -fsigned-char       -DSPEC_CPU_LP64         engine/combination.c
aarch64-none-linux-gnu-gcc -c -o engine/dragon.o -DSPEC_CPU -DNDEBUG -DHAVE_CONFIG_H -I. -I.. -I../include -I./include   -Ofast -static -fsigned-char       -DSPEC_CPU_LP64         engine/dragon.c
aarch64-none-linux-gnu-gcc -c -o engine/filllib.o -DSPEC_CPU -DNDEBUG -DHAVE_CONFIG_H -I. -I.. -I../include -I./include   -Ofast -static -fsigned-char       -DSPEC_CPU_LP64         engine/filllib.c
aarch64-none-linux-gnu-gcc -c -o engine/fuseki.o -DSPEC_CPU -DNDEBUG -DHAVE_CONFIG_H -I. -I.. -I../include -I./include   -Ofast -static -fsigned-char       -DSPEC_CPU_LP64         engine/fuseki.c
aarch64-none-linux-gnu-gcc -c -o engine/genmove.o -DSPEC_CPU -DNDEBUG -DHAVE_CONFIG_H -I. -I.. -I../include -I./include   -Ofast -static -fsigned-char       -DSPEC_CPU_LP64         engine/genmove.c
aarch64-none-linux-gnu-gcc -c -o engine/hash.o -DSPEC_CPU -DNDEBUG -DHAVE_CONFIG_H -I. -I.. -I../include -I./include   -Ofast -static -fsigned-char       -DSPEC_CPU_LP64         engine/hash.c
aarch64-none-linux-gnu-gcc -c -o engine/influence.o -DSPEC_CPU -DNDEBUG -DHAVE_CONFIG_H -I. -I.. -I../include -I./include   -Ofast -static -fsigned-char       -DSPEC_CPU_LP64         engine/influence.c
aarch64-none-linux-gnu-gcc -c -o engine/interface.o -DSPEC_CPU -DNDEBUG -DHAVE_CONFIG_H -I. -I.. -I../include -I./include   -Ofast -static -fsigned-char       -DSPEC_CPU_LP64         engine/interface.c
aarch64-none-linux-gnu-gcc -c -o engine/matchpat.o -DSPEC_CPU -DNDEBUG -DHAVE_CONFIG_H -I. -I.. -I../include -I./include   -Ofast -static -fsigned-char       -DSPEC_CPU_LP64         engine/matchpat.c
aarch64-none-linux-gnu-gcc -c -o engine/move_reasons.o -DSPEC_CPU -DNDEBUG -DHAVE_CONFIG_H -I. -I.. -I../include -I./include   -Ofast -static -fsigned-char       -DSPEC_CPU_LP64         engine/move_reasons.c
aarch64-none-linux-gnu-gcc -c -o engine/movelist.o -DSPEC_CPU -DNDEBUG -DHAVE_CONFIG_H -I. -I.. -I../include -I./include   -Ofast -static -fsigned-char       -DSPEC_CPU_LP64         engine/movelist.c
aarch64-none-linux-gnu-gcc -c -o engine/optics.o -DSPEC_CPU -DNDEBUG -DHAVE_CONFIG_H -I. -I.. -I../include -I./include   -Ofast -static -fsigned-char       -DSPEC_CPU_LP64         engine/optics.c
aarch64-none-linux-gnu-gcc -c -o engine/owl.o -DSPEC_CPU -DNDEBUG -DHAVE_CONFIG_H -I. -I.. -I../include -I./include   -Ofast -static -fsigned-char       -DSPEC_CPU_LP64         engine/owl.c
aarch64-none-linux-gnu-gcc -c -o engine/printutils.o -DSPEC_CPU -DNDEBUG -DHAVE_CONFIG_H -I. -I.. -I../include -I./include   -Ofast -static -fsigned-char       -DSPEC_CPU_LP64         engine/printutils.c
aarch64-none-linux-gnu-gcc -c -o engine/readconnect.o -DSPEC_CPU -DNDEBUG -DHAVE_CONFIG_H -I. -I.. -I../include -I./include   -Ofast -static -fsigned-char       -DSPEC_CPU_LP64         engine/readconnect.c
aarch64-none-linux-gnu-gcc -c -o engine/reading.o -DSPEC_CPU -DNDEBUG -DHAVE_CONFIG_H -I. -I.. -I../include -I./include   -Ofast -static -fsigned-char       -DSPEC_CPU_LP64         engine/reading.c
aarch64-none-linux-gnu-gcc -c -o engine/score.o -DSPEC_CPU -DNDEBUG -DHAVE_CONFIG_H -I. -I.. -I../include -I./include   -Ofast -static -fsigned-char       -DSPEC_CPU_LP64         engine/score.c
aarch64-none-linux-gnu-gcc -c -o engine/semeai.o -DSPEC_CPU -DNDEBUG -DHAVE_CONFIG_H -I. -I.. -I../include -I./include   -Ofast -static -fsigned-char       -DSPEC_CPU_LP64         engine/semeai.c
aarch64-none-linux-gnu-gcc -c -o engine/sgfdecide.o -DSPEC_CPU -DNDEBUG -DHAVE_CONFIG_H -I. -I.. -I../include -I./include   -Ofast -static -fsigned-char       -DSPEC_CPU_LP64         engine/sgfdecide.c
engine/reading.c: In function 'defend3':
engine/reading.c:1432:5: warning: 'hane_rescue_moves' accessing 16 bytes in a region of size 12 [-Wstringop-overflow=]
 1432 |     hane_rescue_moves(str, libs, &moves);
      |     ^~~~~~~~~~~~~~~~~~~~~~~~~~~~~~~~~~~~
engine/reading.c:1432:5: note: referencing argument 2 of type 'int[4]'
engine/reading.c:1857:1: note: in a call to function 'hane_rescue_moves'
 1857 | hane_rescue_moves(int str, int libs[4], struct reading_moves *moves)
      | ^~~~~~~~~~~~~~~~~
engine/reading.c: In function 'defend2':
engine/reading.c:1342:5: warning: 'special_rescue5_moves' accessing 12 bytes in a region of size 8 [-Wstringop-overflow=]
 1342 |     special_rescue5_moves(str, libs, &moves);
      |     ^~~~~~~~~~~~~~~~~~~~~~~~~~~~~~~~~~~~~~~~
engine/reading.c:1342:5: note: referencing argument 2 of type 'int[3]'
engine/reading.c:1931:1: note: in a call to function 'special_rescue5_moves'
 1931 | special_rescue5_moves(int str, int libs[3],
      | ^~~~~~~~~~~~~~~~~~~~~
aarch64-none-linux-gnu-gcc -c -o engine/sgffile.o -DSPEC_CPU -DNDEBUG -DHAVE_CONFIG_H -I. -I.. -I../include -I./include   -Ofast -static -fsigned-char       -DSPEC_CPU_LP64         engine/sgffile.c
aarch64-none-linux-gnu-gcc -c -o engine/shapes.o -DSPEC_CPU -DNDEBUG -DHAVE_CONFIG_H -I. -I.. -I../include -I./include   -Ofast -static -fsigned-char       -DSPEC_CPU_LP64         engine/shapes.c
aarch64-none-linux-gnu-gcc -c -o engine/showbord.o -DSPEC_CPU -DNDEBUG -DHAVE_CONFIG_H -I. -I.. -I../include -I./include   -Ofast -static -fsigned-char       -DSPEC_CPU_LP64         engine/showbord.c
aarch64-none-linux-gnu-gcc -c -o engine/utils.o -DSPEC_CPU -DNDEBUG -DHAVE_CONFIG_H -I. -I.. -I../include -I./include   -Ofast -static -fsigned-char       -DSPEC_CPU_LP64         engine/utils.c
aarch64-none-linux-gnu-gcc -c -o engine/value_moves.o -DSPEC_CPU -DNDEBUG -DHAVE_CONFIG_H -I. -I.. -I../include -I./include   -Ofast -static -fsigned-char       -DSPEC_CPU_LP64         engine/value_moves.c
aarch64-none-linux-gnu-gcc -c -o engine/worm.o -DSPEC_CPU -DNDEBUG -DHAVE_CONFIG_H -I. -I.. -I../include -I./include   -Ofast -static -fsigned-char       -DSPEC_CPU_LP64         engine/worm.c
aarch64-none-linux-gnu-gcc -c -o engine/globals.o -DSPEC_CPU -DNDEBUG -DHAVE_CONFIG_H -I. -I.. -I../include -I./include   -Ofast -static -fsigned-char       -DSPEC_CPU_LP64         engine/globals.c
aarch64-none-linux-gnu-gcc -c -o engine/persistent.o -DSPEC_CPU -DNDEBUG -DHAVE_CONFIG_H -I. -I.. -I../include -I./include   -Ofast -static -fsigned-char       -DSPEC_CPU_LP64         engine/persistent.c
aarch64-none-linux-gnu-gcc -c -o engine/handicap.o -DSPEC_CPU -DNDEBUG -DHAVE_CONFIG_H -I. -I.. -I../include -I./include   -Ofast -static -fsigned-char       -DSPEC_CPU_LP64         engine/handicap.c
aarch64-none-linux-gnu-gcc -c -o engine/surround.o -DSPEC_CPU -DNDEBUG -DHAVE_CONFIG_H -I. -I.. -I../include -I./include   -Ofast -static -fsigned-char       -DSPEC_CPU_LP64         engine/surround.c
aarch64-none-linux-gnu-gcc -c -o interface/gtp.o -DSPEC_CPU -DNDEBUG -DHAVE_CONFIG_H -I. -I.. -I../include -I./include   -Ofast -static -fsigned-char       -DSPEC_CPU_LP64         interface/gtp.c
aarch64-none-linux-gnu-gcc -c -o interface/main.o -DSPEC_CPU -DNDEBUG -DHAVE_CONFIG_H -I. -I.. -I../include -I./include   -Ofast -static -fsigned-char       -DSPEC_CPU_LP64         interface/main.c
aarch64-none-linux-gnu-gcc -c -o interface/play_ascii.o -DSPEC_CPU -DNDEBUG -DHAVE_CONFIG_H -I. -I.. -I../include -I./include   -Ofast -static -fsigned-char       -DSPEC_CPU_LP64         interface/play_ascii.c
aarch64-none-linux-gnu-gcc -c -o interface/play_gtp.o -DSPEC_CPU -DNDEBUG -DHAVE_CONFIG_H -I. -I.. -I../include -I./include   -Ofast -static -fsigned-char       -DSPEC_CPU_LP64         interface/play_gtp.c
aarch64-none-linux-gnu-gcc -c -o interface/play_solo.o -DSPEC_CPU -DNDEBUG -DHAVE_CONFIG_H -I. -I.. -I../include -I./include   -Ofast -static -fsigned-char       -DSPEC_CPU_LP64         interface/play_solo.c
aarch64-none-linux-gnu-gcc -c -o interface/play_test.o -DSPEC_CPU -DNDEBUG -DHAVE_CONFIG_H -I. -I.. -I../include -I./include   -Ofast -static -fsigned-char       -DSPEC_CPU_LP64         interface/play_test.c
aarch64-none-linux-gnu-gcc -c -o patterns/connections.o -DSPEC_CPU -DNDEBUG -DHAVE_CONFIG_H -I. -I.. -I../include -I./include   -Ofast -static -fsigned-char       -DSPEC_CPU_LP64         patterns/connections.c
aarch64-none-linux-gnu-gcc -c -o patterns/dfa.o -DSPEC_CPU -DNDEBUG -DHAVE_CONFIG_H -I. -I.. -I../include -I./include   -Ofast -static -fsigned-char       -DSPEC_CPU_LP64         patterns/dfa.c
aarch64-none-linux-gnu-gcc -c -o patterns/helpers.o -DSPEC_CPU -DNDEBUG -DHAVE_CONFIG_H -I. -I.. -I../include -I./include   -Ofast -static -fsigned-char       -DSPEC_CPU_LP64         patterns/helpers.c
aarch64-none-linux-gnu-gcc -c -o patterns/transform.o -DSPEC_CPU -DNDEBUG -DHAVE_CONFIG_H -I. -I.. -I../include -I./include   -Ofast -static -fsigned-char       -DSPEC_CPU_LP64         patterns/transform.c
aarch64-none-linux-gnu-gcc -c -o patterns/owl_attackpat.o -DSPEC_CPU -DNDEBUG -DHAVE_CONFIG_H -I. -I.. -I../include -I./include   -Ofast -static -fsigned-char       -DSPEC_CPU_LP64         patterns/owl_attackpat.c
aarch64-none-linux-gnu-gcc -c -o patterns/conn.o -DSPEC_CPU -DNDEBUG -DHAVE_CONFIG_H -I. -I.. -I../include -I./include   -Ofast -static -fsigned-char       -DSPEC_CPU_LP64         patterns/conn.c
aarch64-none-linux-gnu-gcc -c -o patterns/patterns.o -DSPEC_CPU -DNDEBUG -DHAVE_CONFIG_H -I. -I.. -I../include -I./include   -Ofast -static -fsigned-char       -DSPEC_CPU_LP64         patterns/patterns.c
aarch64-none-linux-gnu-gcc -c -o patterns/apatterns.o -DSPEC_CPU -DNDEBUG -DHAVE_CONFIG_H -I. -I.. -I../include -I./include   -Ofast -static -fsigned-char       -DSPEC_CPU_LP64         patterns/apatterns.c
aarch64-none-linux-gnu-gcc -c -o patterns/dpatterns.o -DSPEC_CPU -DNDEBUG -DHAVE_CONFIG_H -I. -I.. -I../include -I./include   -Ofast -static -fsigned-char       -DSPEC_CPU_LP64         patterns/dpatterns.c
aarch64-none-linux-gnu-gcc -c -o patterns/owl_vital_apat.o -DSPEC_CPU -DNDEBUG -DHAVE_CONFIG_H -I. -I.. -I../include -I./include   -Ofast -static -fsigned-char       -DSPEC_CPU_LP64         patterns/owl_vital_apat.c
aarch64-none-linux-gnu-gcc -c -o patterns/eyes.o -DSPEC_CPU -DNDEBUG -DHAVE_CONFIG_H -I. -I.. -I../include -I./include   -Ofast -static -fsigned-char       -DSPEC_CPU_LP64         patterns/eyes.c
aarch64-none-linux-gnu-gcc -c -o patterns/influence.o -DSPEC_CPU -DNDEBUG -DHAVE_CONFIG_H -I. -I.. -I../include -I./include   -Ofast -static -fsigned-char       -DSPEC_CPU_LP64         patterns/influence.c
aarch64-none-linux-gnu-gcc -c -o patterns/barriers.o -DSPEC_CPU -DNDEBUG -DHAVE_CONFIG_H -I. -I.. -I../include -I./include   -Ofast -static -fsigned-char       -DSPEC_CPU_LP64         patterns/barriers.c
aarch64-none-linux-gnu-gcc -c -o patterns/endgame.o -DSPEC_CPU -DNDEBUG -DHAVE_CONFIG_H -I. -I.. -I../include -I./include   -Ofast -static -fsigned-char       -DSPEC_CPU_LP64         patterns/endgame.c
aarch64-none-linux-gnu-gcc -c -o patterns/aa_attackpat.o -DSPEC_CPU -DNDEBUG -DHAVE_CONFIG_H -I. -I.. -I../include -I./include   -Ofast -static -fsigned-char       -DSPEC_CPU_LP64         patterns/aa_attackpat.c
aarch64-none-linux-gnu-gcc -c -o patterns/owl_defendpat.o -DSPEC_CPU -DNDEBUG -DHAVE_CONFIG_H -I. -I.. -I../include -I./include   -Ofast -static -fsigned-char       -DSPEC_CPU_LP64         patterns/owl_defendpat.c
aarch64-none-linux-gnu-gcc -c -o patterns/fusekipat.o -DSPEC_CPU -DNDEBUG -DHAVE_CONFIG_H -I. -I.. -I../include -I./include   -Ofast -static -fsigned-char       -DSPEC_CPU_LP64         patterns/fusekipat.c
aarch64-none-linux-gnu-gcc -c -o patterns/fuseki9.o -DSPEC_CPU -DNDEBUG -DHAVE_CONFIG_H -I. -I.. -I../include -I./include   -Ofast -static -fsigned-char       -DSPEC_CPU_LP64         patterns/fuseki9.c
aarch64-none-linux-gnu-gcc -c -o patterns/fuseki13.o -DSPEC_CPU -DNDEBUG -DHAVE_CONFIG_H -I. -I.. -I../include -I./include   -Ofast -static -fsigned-char       -DSPEC_CPU_LP64         patterns/fuseki13.c
aarch64-none-linux-gnu-gcc -c -o patterns/fuseki19.o -DSPEC_CPU -DNDEBUG -DHAVE_CONFIG_H -I. -I.. -I../include -I./include   -Ofast -static -fsigned-char       -DSPEC_CPU_LP64         patterns/fuseki19.c
aarch64-none-linux-gnu-gcc -c -o patterns/josekidb.o -DSPEC_CPU -DNDEBUG -DHAVE_CONFIG_H -I. -I.. -I../include -I./include   -Ofast -static -fsigned-char       -DSPEC_CPU_LP64         patterns/josekidb.c
aarch64-none-linux-gnu-gcc -c -o patterns/handipat.o -DSPEC_CPU -DNDEBUG -DHAVE_CONFIG_H -I. -I.. -I../include -I./include   -Ofast -static -fsigned-char       -DSPEC_CPU_LP64         patterns/handipat.c
aarch64-none-linux-gnu-gcc -c -o utils/getopt.o -DSPEC_CPU -DNDEBUG -DHAVE_CONFIG_H -I. -I.. -I../include -I./include   -Ofast -static -fsigned-char       -DSPEC_CPU_LP64         utils/getopt.c
aarch64-none-linux-gnu-gcc -c -o utils/getopt1.o -DSPEC_CPU -DNDEBUG -DHAVE_CONFIG_H -I. -I.. -I../include -I./include   -Ofast -static -fsigned-char       -DSPEC_CPU_LP64         utils/getopt1.c
aarch64-none-linux-gnu-gcc -c -o utils/gg_utils.o -DSPEC_CPU -DNDEBUG -DHAVE_CONFIG_H -I. -I.. -I../include -I./include   -Ofast -static -fsigned-char       -DSPEC_CPU_LP64         utils/gg_utils.c
aarch64-none-linux-gnu-gcc -c -o utils/random.o -DSPEC_CPU -DNDEBUG -DHAVE_CONFIG_H -I. -I.. -I../include -I./include   -Ofast -static -fsigned-char       -DSPEC_CPU_LP64         utils/random.c
aarch64-none-linux-gnu-gcc   -Ofast -static -fsigned-char  -DSPEC_CPU_LP64        sgf/sgf_utils.o sgf/sgftree.o sgf/sgfnode.o engine/aftermath.o engine/board.o engine/cache.o engine/combination.o engine/dragon.o engine/filllib.o engine/fuseki.o engine/genmove.o engine/hash.o engine/influence.o engine/interface.o engine/matchpat.o engine/move_reasons.o engine/movelist.o engine/optics.o engine/owl.o engine/printutils.o engine/readconnect.o engine/reading.o engine/score.o engine/semeai.o engine/sgfdecide.o engine/sgffile.o engine/shapes.o engine/showbord.o engine/utils.o engine/value_moves.o engine/worm.o engine/globals.o engine/persistent.o engine/handicap.o engine/surround.o interface/gtp.o interface/main.o interface/play_ascii.o interface/play_gtp.o interface/play_solo.o interface/play_test.o patterns/connections.o patterns/dfa.o patterns/helpers.o patterns/transform.o patterns/owl_attackpat.o patterns/conn.o patterns/patterns.o patterns/apatterns.o patterns/dpatterns.o patterns/owl_vital_apat.o patterns/eyes.o patterns/influence.o patterns/barriers.o patterns/endgame.o patterns/aa_attackpat.o patterns/owl_defendpat.o patterns/fusekipat.o patterns/fuseki9.o patterns/fuseki13.o patterns/fuseki19.o patterns/josekidb.o patterns/handipat.o utils/getopt.o utils/getopt1.o utils/gg_utils.o utils/random.o             -lm        -o gobmk
specmake -j16 options 2> options.err | tee options.out
COMP: aarch64-none-linux-gnu-gcc -c -o options.o -DSPEC_CPU -DNDEBUG -DHAVE_CONFIG_H -I. -I.. -I../include -I./include   -Ofast -static -fsigned-char       -DSPEC_CPU_LP64         <source>
C: CC="aarch64-none-linux-gnu-gcc"
C: COBJOPT="-c -o options"
P: CPUFLAGS="-DSPEC_CPU -DNDEBUG"
P: BENCH_FLAGS="-DHAVE_CONFIG_H -I. -I.. -I../include -I./include"
P: BENCH_CFLAGS=""
O: OPTIMIZE=""
O: COPTIMIZE="-Ofast -static -fsigned-char"
P: PORTABILITY="-DSPEC_CPU_LP64"
P: CPORTABILITY=""
O: EXTRA_CFLAGS=""
O: EXTRA_OPTIMIZE=""
O: EXTRA_COPTIMIZE=""
P: EXTRA_PORTABILITY=""
P: EXTRA_CPORTABILITY=""
LINK: aarch64-none-linux-gnu-gcc   -Ofast -static -fsigned-char  -DSPEC_CPU_LP64        <objects>   -lm        -o options
C: LD="aarch64-none-linux-gnu-gcc"
O: COPTIMIZE="-Ofast -static -fsigned-char"
P: PORTABILITY="-DSPEC_CPU_LP64"
C: MATH_LIBS="-lm"
C: LDOUT="-o options"

Build successes: 445.gobmk(base)

Setting Up Run Directories
  Setting up 445.gobmk ref base aarch64.Ofast.tcgrs.20260320165734.jit default: created (run_base_ref_aarch64.Ofast.tcgrs.20260320165734.jit.0000)
Running Benchmarks
  Running 445.gobmk ref base aarch64.Ofast.tcgrs.20260320165734.jit default
/data/Sync/all/projects/2026-02-11-cc-work/2025-08-13-cogbt/cpu2006v11_run_x64_Ofast_ld64/bin/specinvoke -d /data/Sync/all/projects/2026-02-11-cc-work/2025-08-13-cogbt/cpu2006v11_run_x64_Ofast_ld64/benchspec/CPU2006/445.gobmk/run/run_base_ref_aarch64.Ofast.tcgrs.20260320165734.jit.0000 -e speccmds.err -o speccmds.stdout -f speccmds.cmd -C

445.gobmk: copy 0 non-zero return code (exit code=0, signal=15)


445.gobmk: copy 0 non-zero return code (exit code=0, signal=15)


445.gobmk: copy 0 non-zero return code (exit code=0, signal=15)


445.gobmk: copy 0 non-zero return code (exit code=0, signal=15)


445.gobmk: copy 0 non-zero return code (exit code=0, signal=15)

Invalid run; unable to continue.
If you wish to ignore errors please use '-I' or ignore_errors

The log for this run is in /data/Sync/all/projects/2026-02-11-cc-work/2025-08-13-cogbt/cpu2006v11_run_x64_Ofast_ld64/result/CPU2006.689.log
The debug log for this run is in /data/Sync/all/projects/2026-02-11-cc-work/2025-08-13-cogbt/cpu2006v11_run_x64_Ofast_ld64/result/CPU2006.689.log.debug

*
* Temporary files were NOT deleted; keeping temporaries such as
* /data/Sync/all/projects/2026-02-11-cc-work/2025-08-13-cogbt/cpu2006v11_run_x64_Ofast_ld64/result/CPU2006.689.log.debug and
* /data/Sync/all/projects/2026-02-11-cc-work/2025-08-13-cogbt/cpu2006v11_run_x64_Ofast_ld64/tmp/CPU2006.689
* (These may be large!)
*
runspec finished at Fri Mar 20 17:47:09 2026; 2976 total seconds elapsed
