runspec v6152 - Copyright 1999-2008 Standard Performance Evaluation Corporation
Using 'linux-suse101-AMD64' tools
Reading MANIFEST... 17642 files
Loading runspec modules................
Locating benchmarks...found 31 benchmarks and 2 src.alts in 6 benchsets.
Reading config file '/data/Sync/all/projects/2026-02-11-cc-work/2026-03-tcg-rs/spec-logs/aarch64.Ofast.tcgrs.20260320165734.jit.cfg'
Benchmarks selected: 458.sjeng
Compiling Binaries
  Building 458.sjeng base aarch64.Ofast.tcgrs.20260320165734.jit default: (build_base_aarch64.Ofast.tcgrs.20260320165734.jit.0000)
specmake -j16 clean 2> make.clean.err | tee make.clean.out
rm -rf sjeng
rm -rf sjeng.exe
rm -rf *.o  train.out
find . \( -name \*.o -o -name '*.fppized.f*' \) -print | xargs rm -rf
rm -rf core
rm -rf 
specmake -j16 build 2> make.err | tee make.out
aarch64-none-linux-gnu-gcc -c -o attacks.o -DSPEC_CPU -DNDEBUG    -Ofast -static -fsigned-char       -DSPEC_CPU_LP64         attacks.c
aarch64-none-linux-gnu-gcc -c -o book.o -DSPEC_CPU -DNDEBUG    -Ofast -static -fsigned-char       -DSPEC_CPU_LP64         book.c
aarch64-none-linux-gnu-gcc -c -o crazy.o -DSPEC_CPU -DNDEBUG    -Ofast -static -fsigned-char       -DSPEC_CPU_LP64         crazy.c
aarch64-none-linux-gnu-gcc -c -o draw.o -DSPEC_CPU -DNDEBUG    -Ofast -static -fsigned-char       -DSPEC_CPU_LP64         draw.c
aarch64-none-linux-gnu-gcc -c -o ecache.o -DSPEC_CPU -DNDEBUG    -Ofast -static -fsigned-char       -DSPEC_CPU_LP64         ecache.c
aarch64-none-linux-gnu-gcc -c -o epd.o -DSPEC_CPU -DNDEBUG    -Ofast -static -fsigned-char       -DSPEC_CPU_LP64         epd.c
aarch64-none-linux-gnu-gcc -c -o eval.o -DSPEC_CPU -DNDEBUG    -Ofast -static -fsigned-char       -DSPEC_CPU_LP64         eval.c
aarch64-none-linux-gnu-gcc -c -o leval.o -DSPEC_CPU -DNDEBUG    -Ofast -static -fsigned-char       -DSPEC_CPU_LP64         leval.c
aarch64-none-linux-gnu-gcc -c -o moves.o -DSPEC_CPU -DNDEBUG    -Ofast -static -fsigned-char       -DSPEC_CPU_LP64         moves.c
aarch64-none-linux-gnu-gcc -c -o neval.o -DSPEC_CPU -DNDEBUG    -Ofast -static -fsigned-char       -DSPEC_CPU_LP64         neval.c
aarch64-none-linux-gnu-gcc -c -o partner.o -DSPEC_CPU -DNDEBUG    -Ofast -static -fsigned-char       -DSPEC_CPU_LP64         partner.c
aarch64-none-linux-gnu-gcc -c -o proof.o -DSPEC_CPU -DNDEBUG    -Ofast -static -fsigned-char       -DSPEC_CPU_LP64         proof.c
aarch64-none-linux-gnu-gcc -c -o rcfile.o -DSPEC_CPU -DNDEBUG    -Ofast -static -fsigned-char       -DSPEC_CPU_LP64         rcfile.c
aarch64-none-linux-gnu-gcc -c -o search.o -DSPEC_CPU -DNDEBUG    -Ofast -static -fsigned-char       -DSPEC_CPU_LP64         search.c
aarch64-none-linux-gnu-gcc -c -o see.o -DSPEC_CPU -DNDEBUG    -Ofast -static -fsigned-char       -DSPEC_CPU_LP64         see.c
aarch64-none-linux-gnu-gcc -c -o seval.o -DSPEC_CPU -DNDEBUG    -Ofast -static -fsigned-char       -DSPEC_CPU_LP64         seval.c
aarch64-none-linux-gnu-gcc -c -o sjeng.o -DSPEC_CPU -DNDEBUG    -Ofast -static -fsigned-char       -DSPEC_CPU_LP64         sjeng.c
aarch64-none-linux-gnu-gcc -c -o ttable.o -DSPEC_CPU -DNDEBUG    -Ofast -static -fsigned-char       -DSPEC_CPU_LP64         ttable.c
aarch64-none-linux-gnu-gcc -c -o utils.o -DSPEC_CPU -DNDEBUG    -Ofast -static -fsigned-char       -DSPEC_CPU_LP64         utils.c
aarch64-none-linux-gnu-gcc   -Ofast -static -fsigned-char  -DSPEC_CPU_LP64        attacks.o book.o crazy.o draw.o ecache.o epd.o eval.o leval.o moves.o neval.o partner.o proof.o rcfile.o search.o see.o seval.o sjeng.o ttable.o utils.o                     -o sjeng
specmake -j16 options 2> options.err | tee options.out
COMP: aarch64-none-linux-gnu-gcc -c -o options.o -DSPEC_CPU -DNDEBUG    -Ofast -static -fsigned-char       -DSPEC_CPU_LP64         <source>
C: CC="aarch64-none-linux-gnu-gcc"
C: COBJOPT="-c -o options"
P: CPUFLAGS="-DSPEC_CPU -DNDEBUG"
P: BENCH_FLAGS=""
P: BENCH_CFLAGS=""
O: OPTIMIZE=""
O: COPTIMIZE="-Ofast -static -fsigned-char"
P: PORTABILITY="-DSPEC_CPU_LP64"
P: CPORTABILITY=""
O: EXTRA_CFLAGS=""
O: EXTRA_OPTIMIZE=""
O: EXTRA_COPTIMIZE=""
P: EXTRA_PORTABILITY=""
P: EXTRA_CPORTABILITY=""
LINK: aarch64-none-linux-gnu-gcc   -Ofast -static -fsigned-char  -DSPEC_CPU_LP64        <objects>           -o options
C: LD="aarch64-none-linux-gnu-gcc"
O: COPTIMIZE="-Ofast -static -fsigned-char"
P: PORTABILITY="-DSPEC_CPU_LP64"
C: LDOUT="-o options"

Build successes: 458.sjeng(base)

Setting Up Run Directories
  Setting up 458.sjeng ref base aarch64.Ofast.tcgrs.20260320165734.jit default: created (run_base_ref_aarch64.Ofast.tcgrs.20260320165734.jit.0000)
Running Benchmarks
  Running 458.sjeng ref base aarch64.Ofast.tcgrs.20260320165734.jit default
/data/Sync/all/projects/2026-02-11-cc-work/2025-08-13-cogbt/cpu2006v11_run_x64_Ofast_ld64/bin/specinvoke -d /data/Sync/all/projects/2026-02-11-cc-work/2025-08-13-cogbt/cpu2006v11_run_x64_Ofast_ld64/benchspec/CPU2006/458.sjeng/run/run_base_ref_aarch64.Ofast.tcgrs.20260320165734.jit.0000 -e speccmds.err -o speccmds.stdout -f speccmds.cmd -C

458.sjeng: copy 0 non-zero return code (exit code=0, signal=15)

Invalid run; unable to continue.
If you wish to ignore errors please use '-I' or ignore_errors

The log for this run is in /data/Sync/all/projects/2026-02-11-cc-work/2025-08-13-cogbt/cpu2006v11_run_x64_Ofast_ld64/result/CPU2006.686.log
The debug log for this run is in /data/Sync/all/projects/2026-02-11-cc-work/2025-08-13-cogbt/cpu2006v11_run_x64_Ofast_ld64/result/CPU2006.686.log.debug

*
* Temporary files were NOT deleted; keeping temporaries such as
* /data/Sync/all/projects/2026-02-11-cc-work/2025-08-13-cogbt/cpu2006v11_run_x64_Ofast_ld64/result/CPU2006.686.log.debug and
* /data/Sync/all/projects/2026-02-11-cc-work/2025-08-13-cogbt/cpu2006v11_run_x64_Ofast_ld64/tmp/CPU2006.686
* (These may be large!)
*
runspec finished at Fri Mar 20 17:47:02 2026; 2969 total seconds elapsed
